{"/Users/leostuart/Downloads/Monity-main/backend/api.js": {"path":"/Users/leostuart/Downloads/Monity-main/backend/api.js","statementMap":{"0":{"start":{"line":1,"column":16},"end":{"line":1,"column":34}},"1":{"start":{"line":2,"column":12},"end":{"line":2,"column":21}},"2":{"start":{"line":3,"column":13},"end":{"line":3,"column":28}},"3":{"start":{"line":4,"column":13},"end":{"line":4,"column":28}},"4":{"start":{"line":5,"column":11},"end":{"line":5,"column":24}},"5":{"start":{"line":6,"column":23},"end":{"line":6,"column":38}},"6":{"start":{"line":7,"column":25},"end":{"line":7,"column":57}},"7":{"start":{"line":10,"column":0},"end":{"line":10,"column":27}},"8":{"start":{"line":13,"column":20},"end":{"line":13,"column":44}},"9":{"start":{"line":14,"column":20},"end":{"line":14,"column":44}},"10":{"start":{"line":15,"column":17},"end":{"line":15,"column":55}},"11":{"start":{"line":17,"column":0},"end":{"line":17,"column":15}},"12":{"start":{"line":18,"column":0},"end":{"line":18,"column":23}},"13":{"start":{"line":20,"column":0},"end":{"line":22,"column":3}},"14":{"start":{"line":21,"column":4},"end":{"line":21,"column":51}},"15":{"start":{"line":23,"column":0},"end":{"line":23,"column":39}},"16":{"start":{"line":25,"column":23},"end":{"line":39,"column":1}},"17":{"start":{"line":26,"column":18},"end":{"line":26,"column":58}},"18":{"start":{"line":27,"column":4},"end":{"line":29,"column":5}},"19":{"start":{"line":28,"column":8},"end":{"line":28,"column":68}},"20":{"start":{"line":31,"column":38},"end":{"line":31,"column":72}},"21":{"start":{"line":33,"column":4},"end":{"line":35,"column":5}},"22":{"start":{"line":34,"column":8},"end":{"line":34,"column":64}},"23":{"start":{"line":37,"column":4},"end":{"line":37,"column":20}},"24":{"start":{"line":38,"column":4},"end":{"line":38,"column":11}},"25":{"start":{"line":42,"column":0},"end":{"line":54,"column":3}},"26":{"start":{"line":43,"column":32},"end":{"line":43,"column":40}},"27":{"start":{"line":44,"column":28},"end":{"line":47,"column":6}},"28":{"start":{"line":49,"column":4},"end":{"line":51,"column":5}},"29":{"start":{"line":50,"column":8},"end":{"line":50,"column":62}},"30":{"start":{"line":53,"column":4},"end":{"line":53,"column":69}},"31":{"start":{"line":55,"column":0},"end":{"line":55,"column":46}},"32":{"start":{"line":58,"column":0},"end":{"line":75,"column":3}},"33":{"start":{"line":59,"column":32},"end":{"line":59,"column":40}},"34":{"start":{"line":61,"column":4},"end":{"line":63,"column":5}},"35":{"start":{"line":62,"column":8},"end":{"line":62,"column":83}},"36":{"start":{"line":65,"column":28},"end":{"line":68,"column":6}},"37":{"start":{"line":70,"column":4},"end":{"line":72,"column":5}},"38":{"start":{"line":71,"column":8},"end":{"line":71,"column":62}},"39":{"start":{"line":74,"column":4},"end":{"line":74,"column":57}},"40":{"start":{"line":76,"column":0},"end":{"line":76,"column":45}},"41":{"start":{"line":80,"column":0},"end":{"line":89,"column":3}},"42":{"start":{"line":81,"column":4},"end":{"line":88,"column":5}},"43":{"start":{"line":83,"column":37},"end":{"line":83,"column":82}},"44":{"start":{"line":84,"column":8},"end":{"line":84,"column":35}},"45":{"start":{"line":86,"column":8},"end":{"line":86,"column":101}},"46":{"start":{"line":87,"column":8},"end":{"line":87,"column":70}},"47":{"start":{"line":90,"column":0},"end":{"line":90,"column":49}},"48":{"start":{"line":93,"column":0},"end":{"line":118,"column":3}},"49":{"start":{"line":94,"column":4},"end":{"line":117,"column":5}},"50":{"start":{"line":95,"column":33},"end":{"line":95,"column":41}},"51":{"start":{"line":96,"column":8},"end":{"line":98,"column":9}},"52":{"start":{"line":97,"column":12},"end":{"line":97,"column":92}},"53":{"start":{"line":100,"column":23},"end":{"line":100,"column":34}},"54":{"start":{"line":102,"column":28},"end":{"line":107,"column":9}},"55":{"start":{"line":109,"column":44},"end":{"line":109,"column":108}},"56":{"start":{"line":110,"column":8},"end":{"line":112,"column":9}},"57":{"start":{"line":111,"column":12},"end":{"line":111,"column":68}},"58":{"start":{"line":113,"column":8},"end":{"line":113,"column":51}},"59":{"start":{"line":115,"column":8},"end":{"line":115,"column":99}},"60":{"start":{"line":116,"column":8},"end":{"line":116,"column":69}},"61":{"start":{"line":119,"column":0},"end":{"line":119,"column":50}},"62":{"start":{"line":122,"column":0},"end":{"line":131,"column":3}},"63":{"start":{"line":123,"column":4},"end":{"line":130,"column":5}},"64":{"start":{"line":125,"column":8},"end":{"line":125,"column":75}},"65":{"start":{"line":126,"column":8},"end":{"line":126,"column":63}},"66":{"start":{"line":128,"column":8},"end":{"line":128,"column":102}},"67":{"start":{"line":129,"column":8},"end":{"line":129,"column":69}},"68":{"start":{"line":132,"column":0},"end":{"line":132,"column":56}},"69":{"start":{"line":135,"column":0},"end":{"line":143,"column":3}},"70":{"start":{"line":136,"column":4},"end":{"line":142,"column":5}},"71":{"start":{"line":137,"column":43},"end":{"line":137,"column":95}},"72":{"start":{"line":138,"column":8},"end":{"line":138,"column":41}},"73":{"start":{"line":140,"column":8},"end":{"line":140,"column":108}},"74":{"start":{"line":141,"column":8},"end":{"line":141,"column":77}},"75":{"start":{"line":144,"column":0},"end":{"line":144,"column":56}},"76":{"start":{"line":147,"column":23},"end":{"line":179,"column":1}},"77":{"start":{"line":148,"column":4},"end":{"line":178,"column":5}},"78":{"start":{"line":149,"column":56},"end":{"line":149,"column":64}},"79":{"start":{"line":150,"column":23},"end":{"line":150,"column":34}},"80":{"start":{"line":152,"column":8},"end":{"line":154,"column":9}},"81":{"start":{"line":153,"column":12},"end":{"line":153,"column":109}},"82":{"start":{"line":156,"column":40},"end":{"line":156,"column":55}},"83":{"start":{"line":157,"column":30},"end":{"line":157,"column":96}},"84":{"start":{"line":159,"column":31},"end":{"line":168,"column":9}},"85":{"start":{"line":170,"column":46},"end":{"line":170,"column":115}},"86":{"start":{"line":171,"column":8},"end":{"line":173,"column":9}},"87":{"start":{"line":172,"column":13},"end":{"line":172,"column":101}},"88":{"start":{"line":174,"column":8},"end":{"line":174,"column":110}},"89":{"start":{"line":176,"column":8},"end":{"line":176,"column":119}},"90":{"start":{"line":177,"column":8},"end":{"line":177,"column":122}},"91":{"start":{"line":181,"column":0},"end":{"line":181,"column":104}},"92":{"start":{"line":181,"column":55},"end":{"line":181,"column":102}},"93":{"start":{"line":182,"column":0},"end":{"line":182,"column":51}},"94":{"start":{"line":183,"column":0},"end":{"line":186,"column":3}},"95":{"start":{"line":184,"column":4},"end":{"line":184,"column":93}},"96":{"start":{"line":184,"column":52},"end":{"line":184,"column":93}},"97":{"start":{"line":185,"column":4},"end":{"line":185,"column":51}},"98":{"start":{"line":187,"column":0},"end":{"line":187,"column":50}},"99":{"start":{"line":188,"column":0},"end":{"line":188,"column":116}},"100":{"start":{"line":188,"column":55},"end":{"line":188,"column":114}},"101":{"start":{"line":189,"column":0},"end":{"line":189,"column":51}},"102":{"start":{"line":192,"column":0},"end":{"line":201,"column":3}},"103":{"start":{"line":193,"column":4},"end":{"line":200,"column":5}},"104":{"start":{"line":194,"column":23},"end":{"line":194,"column":34}},"105":{"start":{"line":195,"column":39},"end":{"line":195,"column":184}},"106":{"start":{"line":196,"column":8},"end":{"line":196,"column":37}},"107":{"start":{"line":198,"column":8},"end":{"line":198,"column":103}},"108":{"start":{"line":199,"column":8},"end":{"line":199,"column":72}},"109":{"start":{"line":202,"column":0},"end":{"line":202,"column":51}},"110":{"start":{"line":205,"column":0},"end":{"line":225,"column":3}},"111":{"start":{"line":206,"column":4},"end":{"line":224,"column":5}},"112":{"start":{"line":207,"column":23},"end":{"line":207,"column":34}},"113":{"start":{"line":208,"column":35},"end":{"line":208,"column":65}},"114":{"start":{"line":209,"column":21},"end":{"line":209,"column":37}},"115":{"start":{"line":211,"column":8},"end":{"line":213,"column":9}},"116":{"start":{"line":212,"column":12},"end":{"line":212,"column":86}},"117":{"start":{"line":215,"column":26},"end":{"line":215,"column":64}},"118":{"start":{"line":216,"column":25},"end":{"line":216,"column":69}},"119":{"start":{"line":217,"column":24},"end":{"line":217,"column":106}},"120":{"start":{"line":219,"column":39},"end":{"line":219,"column":186}},"121":{"start":{"line":220,"column":8},"end":{"line":220,"column":37}},"122":{"start":{"line":222,"column":8},"end":{"line":222,"column":112}},"123":{"start":{"line":223,"column":8},"end":{"line":223,"column":86}},"124":{"start":{"line":226,"column":0},"end":{"line":226,"column":67}},"125":{"start":{"line":229,"column":0},"end":{"line":239,"column":3}},"126":{"start":{"line":230,"column":4},"end":{"line":238,"column":5}},"127":{"start":{"line":231,"column":23},"end":{"line":231,"column":34}},"128":{"start":{"line":232,"column":25},"end":{"line":232,"column":44}},"129":{"start":{"line":233,"column":39},"end":{"line":233,"column":168}},"130":{"start":{"line":234,"column":8},"end":{"line":234,"column":37}},"131":{"start":{"line":236,"column":8},"end":{"line":236,"column":115}},"132":{"start":{"line":237,"column":8},"end":{"line":237,"column":89}},"133":{"start":{"line":240,"column":0},"end":{"line":240,"column":70}},"134":{"start":{"line":243,"column":0},"end":{"line":257,"column":3}},"135":{"start":{"line":244,"column":4},"end":{"line":256,"column":5}},"136":{"start":{"line":245,"column":30},"end":{"line":245,"column":43}},"137":{"start":{"line":246,"column":23},"end":{"line":246,"column":34}},"138":{"start":{"line":248,"column":8},"end":{"line":248,"column":98}},"139":{"start":{"line":249,"column":8},"end":{"line":249,"column":66}},"140":{"start":{"line":251,"column":8},"end":{"line":251,"column":105}},"141":{"start":{"line":252,"column":8},"end":{"line":254,"column":9}},"142":{"start":{"line":253,"column":13},"end":{"line":253,"column":107}},"143":{"start":{"line":255,"column":8},"end":{"line":255,"column":72}},"144":{"start":{"line":258,"column":0},"end":{"line":258,"column":58}},"145":{"start":{"line":261,"column":0},"end":{"line":301,"column":3}},"146":{"start":{"line":262,"column":4},"end":{"line":300,"column":5}},"147":{"start":{"line":263,"column":23},"end":{"line":263,"column":34}},"148":{"start":{"line":264,"column":35},"end":{"line":264,"column":65}},"149":{"start":{"line":265,"column":21},"end":{"line":265,"column":37}},"150":{"start":{"line":267,"column":8},"end":{"line":269,"column":9}},"151":{"start":{"line":268,"column":12},"end":{"line":268,"column":86}},"152":{"start":{"line":271,"column":26},"end":{"line":271,"column":64}},"153":{"start":{"line":272,"column":25},"end":{"line":272,"column":69}},"154":{"start":{"line":273,"column":24},"end":{"line":273,"column":106}},"155":{"start":{"line":275,"column":43},"end":{"line":275,"column":176}},"156":{"start":{"line":277,"column":8},"end":{"line":279,"column":9}},"157":{"start":{"line":278,"column":13},"end":{"line":278,"column":124}},"158":{"start":{"line":281,"column":28},"end":{"line":281,"column":29}},"159":{"start":{"line":282,"column":26},"end":{"line":282,"column":27}},"160":{"start":{"line":283,"column":27},"end":{"line":283,"column":28}},"161":{"start":{"line":285,"column":8},"end":{"line":293,"column":11}},"162":{"start":{"line":286,"column":27},"end":{"line":286,"column":57}},"163":{"start":{"line":287,"column":12},"end":{"line":292,"column":13}},"164":{"start":{"line":287,"column":44},"end":{"line":287,"column":68}},"165":{"start":{"line":288,"column":17},"end":{"line":292,"column":13}},"166":{"start":{"line":288,"column":49},"end":{"line":288,"column":71}},"167":{"start":{"line":289,"column":17},"end":{"line":292,"column":13}},"168":{"start":{"line":290,"column":16},"end":{"line":291,"column":97}},"169":{"start":{"line":290,"column":65},"end":{"line":290,"column":88}},"170":{"start":{"line":291,"column":21},"end":{"line":291,"column":97}},"171":{"start":{"line":291,"column":74},"end":{"line":291,"column":97}},"172":{"start":{"line":295,"column":24},"end":{"line":295,"column":66}},"173":{"start":{"line":296,"column":8},"end":{"line":296,"column":100}},"174":{"start":{"line":298,"column":8},"end":{"line":298,"column":98}},"175":{"start":{"line":299,"column":8},"end":{"line":299,"column":71}},"176":{"start":{"line":302,"column":0},"end":{"line":302,"column":56}},"177":{"start":{"line":305,"column":0},"end":{"line":333,"column":3}},"178":{"start":{"line":306,"column":4},"end":{"line":332,"column":5}},"179":{"start":{"line":307,"column":23},"end":{"line":307,"column":34}},"180":{"start":{"line":308,"column":43},"end":{"line":308,"column":149}},"181":{"start":{"line":310,"column":8},"end":{"line":312,"column":9}},"182":{"start":{"line":311,"column":12},"end":{"line":311,"column":32}},"183":{"start":{"line":314,"column":23},"end":{"line":314,"column":32}},"184":{"start":{"line":315,"column":8},"end":{"line":321,"column":11}},"185":{"start":{"line":316,"column":26},"end":{"line":316,"column":53}},"186":{"start":{"line":317,"column":12},"end":{"line":320,"column":13}},"187":{"start":{"line":318,"column":34},"end":{"line":318,"column":72}},"188":{"start":{"line":319,"column":16},"end":{"line":319,"column":38}},"189":{"start":{"line":323,"column":8},"end":{"line":328,"column":12}},"190":{"start":{"line":324,"column":29},"end":{"line":324,"column":41}},"191":{"start":{"line":325,"column":29},"end":{"line":325,"column":41}},"192":{"start":{"line":326,"column":12},"end":{"line":326,"column":55}},"193":{"start":{"line":326,"column":27},"end":{"line":326,"column":55}},"194":{"start":{"line":327,"column":12},"end":{"line":327,"column":40}},"195":{"start":{"line":330,"column":8},"end":{"line":330,"column":97}},"196":{"start":{"line":331,"column":8},"end":{"line":331,"column":66}},"197":{"start":{"line":334,"column":0},"end":{"line":334,"column":45}},"198":{"start":{"line":337,"column":27},"end":{"line":422,"column":1}},"199":{"start":{"line":338,"column":4},"end":{"line":421,"column":5}},"200":{"start":{"line":339,"column":8},"end":{"line":339,"column":76}},"201":{"start":{"line":347,"column":28},"end":{"line":347,"column":66}},"202":{"start":{"line":348,"column":8},"end":{"line":356,"column":9}},"203":{"start":{"line":349,"column":36},"end":{"line":349,"column":127}},"204":{"start":{"line":350,"column":12},"end":{"line":355,"column":13}},"205":{"start":{"line":351,"column":16},"end":{"line":351,"column":44}},"206":{"start":{"line":353,"column":16},"end":{"line":353,"column":95}},"207":{"start":{"line":354,"column":16},"end":{"line":354,"column":23}},"208":{"start":{"line":358,"column":47},"end":{"line":358,"column":132}},"209":{"start":{"line":360,"column":8},"end":{"line":363,"column":9}},"210":{"start":{"line":361,"column":12},"end":{"line":361,"column":105}},"211":{"start":{"line":362,"column":12},"end":{"line":362,"column":19}},"212":{"start":{"line":365,"column":8},"end":{"line":365,"column":94}},"213":{"start":{"line":366,"column":37},"end":{"line":366,"column":39}},"214":{"start":{"line":368,"column":33},"end":{"line":368,"column":103}},"215":{"start":{"line":369,"column":32},"end":{"line":369,"column":100}},"216":{"start":{"line":371,"column":8},"end":{"line":386,"column":9}},"217":{"start":{"line":372,"column":33},"end":{"line":372,"column":74}},"218":{"start":{"line":373,"column":12},"end":{"line":385,"column":15}},"219":{"start":{"line":373,"column":52},"end":{"line":373,"column":63}},"220":{"start":{"line":374,"column":30},"end":{"line":374,"column":45}},"221":{"start":{"line":375,"column":16},"end":{"line":384,"column":17}},"222":{"start":{"line":376,"column":69},"end":{"line":376,"column":93}},"223":{"start":{"line":376,"column":84},"end":{"line":376,"column":92}},"224":{"start":{"line":377,"column":43},"end":{"line":377,"column":61}},"225":{"start":{"line":378,"column":42},"end":{"line":378,"column":99}},"226":{"start":{"line":379,"column":20},"end":{"line":383,"column":23}},"227":{"start":{"line":388,"column":8},"end":{"line":405,"column":9}},"228":{"start":{"line":389,"column":32},"end":{"line":389,"column":72}},"229":{"start":{"line":390,"column":12},"end":{"line":404,"column":15}},"230":{"start":{"line":390,"column":51},"end":{"line":390,"column":62}},"231":{"start":{"line":391,"column":30},"end":{"line":391,"column":45}},"232":{"start":{"line":392,"column":16},"end":{"line":403,"column":17}},"233":{"start":{"line":393,"column":56},"end":{"line":393,"column":80}},"234":{"start":{"line":393,"column":71},"end":{"line":393,"column":79}},"235":{"start":{"line":394,"column":43},"end":{"line":394,"column":61}},"236":{"start":{"line":395,"column":42},"end":{"line":395,"column":99}},"237":{"start":{"line":396,"column":33},"end":{"line":396,"column":36}},"238":{"start":{"line":397,"column":20},"end":{"line":397,"column":109}},"239":{"start":{"line":397,"column":96},"end":{"line":397,"column":109}},"240":{"start":{"line":398,"column":20},"end":{"line":402,"column":23}},"241":{"start":{"line":407,"column":8},"end":{"line":417,"column":9}},"242":{"start":{"line":409,"column":36},"end":{"line":409,"column":100}},"243":{"start":{"line":410,"column":12},"end":{"line":414,"column":13}},"244":{"start":{"line":411,"column":16},"end":{"line":411,"column":125}},"245":{"start":{"line":413,"column":16},"end":{"line":413,"column":114}},"246":{"start":{"line":416,"column":12},"end":{"line":416,"column":73}},"247":{"start":{"line":420,"column":8},"end":{"line":420,"column":129}},"248":{"start":{"line":424,"column":13},"end":{"line":424,"column":37}},"249":{"start":{"line":426,"column":0},"end":{"line":432,"column":1}},"250":{"start":{"line":427,"column":4},"end":{"line":431,"column":7}},"251":{"start":{"line":428,"column":8},"end":{"line":428,"column":56}},"252":{"start":{"line":429,"column":8},"end":{"line":429,"column":60}},"253":{"start":{"line":434,"column":0},"end":{"line":434,"column":21}}},"fnMap":{"0":{"name":"(anonymous_0)","decl":{"start":{"line":20,"column":13},"end":{"line":20,"column":14}},"loc":{"start":{"line":20,"column":27},"end":{"line":22,"column":1}},"line":20},"1":{"name":"(anonymous_1)","decl":{"start":{"line":25,"column":23},"end":{"line":25,"column":24}},"loc":{"start":{"line":25,"column":49},"end":{"line":39,"column":1}},"line":25},"2":{"name":"(anonymous_2)","decl":{"start":{"line":42,"column":20},"end":{"line":42,"column":21}},"loc":{"start":{"line":42,"column":40},"end":{"line":54,"column":1}},"line":42},"3":{"name":"(anonymous_3)","decl":{"start":{"line":58,"column":19},"end":{"line":58,"column":20}},"loc":{"start":{"line":58,"column":39},"end":{"line":75,"column":1}},"line":58},"4":{"name":"(anonymous_4)","decl":{"start":{"line":80,"column":39},"end":{"line":80,"column":40}},"loc":{"start":{"line":80,"column":59},"end":{"line":89,"column":1}},"line":80},"5":{"name":"(anonymous_5)","decl":{"start":{"line":93,"column":40},"end":{"line":93,"column":41}},"loc":{"start":{"line":93,"column":60},"end":{"line":118,"column":1}},"line":93},"6":{"name":"(anonymous_6)","decl":{"start":{"line":122,"column":46},"end":{"line":122,"column":47}},"loc":{"start":{"line":122,"column":66},"end":{"line":131,"column":1}},"line":122},"7":{"name":"(anonymous_7)","decl":{"start":{"line":135,"column":46},"end":{"line":135,"column":47}},"loc":{"start":{"line":135,"column":66},"end":{"line":143,"column":1}},"line":135},"8":{"name":"(anonymous_8)","decl":{"start":{"line":147,"column":23},"end":{"line":147,"column":24}},"loc":{"start":{"line":147,"column":67},"end":{"line":179,"column":1}},"line":147},"9":{"name":"(anonymous_9)","decl":{"start":{"line":181,"column":41},"end":{"line":181,"column":42}},"loc":{"start":{"line":181,"column":55},"end":{"line":181,"column":102}},"line":181},"10":{"name":"(anonymous_10)","decl":{"start":{"line":183,"column":40},"end":{"line":183,"column":41}},"loc":{"start":{"line":183,"column":54},"end":{"line":186,"column":1}},"line":183},"11":{"name":"(anonymous_11)","decl":{"start":{"line":188,"column":41},"end":{"line":188,"column":42}},"loc":{"start":{"line":188,"column":55},"end":{"line":188,"column":114}},"line":188},"12":{"name":"(anonymous_12)","decl":{"start":{"line":192,"column":41},"end":{"line":192,"column":42}},"loc":{"start":{"line":192,"column":61},"end":{"line":201,"column":1}},"line":192},"13":{"name":"(anonymous_13)","decl":{"start":{"line":205,"column":57},"end":{"line":205,"column":58}},"loc":{"start":{"line":205,"column":77},"end":{"line":225,"column":1}},"line":205},"14":{"name":"(anonymous_14)","decl":{"start":{"line":229,"column":60},"end":{"line":229,"column":61}},"loc":{"start":{"line":229,"column":80},"end":{"line":239,"column":1}},"line":229},"15":{"name":"(anonymous_15)","decl":{"start":{"line":243,"column":48},"end":{"line":243,"column":49}},"loc":{"start":{"line":243,"column":68},"end":{"line":257,"column":1}},"line":243},"16":{"name":"(anonymous_16)","decl":{"start":{"line":261,"column":46},"end":{"line":261,"column":47}},"loc":{"start":{"line":261,"column":66},"end":{"line":301,"column":1}},"line":261},"17":{"name":"(anonymous_17)","decl":{"start":{"line":285,"column":33},"end":{"line":285,"column":34}},"loc":{"start":{"line":285,"column":48},"end":{"line":293,"column":9}},"line":285},"18":{"name":"(anonymous_18)","decl":{"start":{"line":305,"column":35},"end":{"line":305,"column":36}},"loc":{"start":{"line":305,"column":55},"end":{"line":333,"column":1}},"line":305},"19":{"name":"(anonymous_19)","decl":{"start":{"line":315,"column":33},"end":{"line":315,"column":34}},"loc":{"start":{"line":315,"column":48},"end":{"line":321,"column":9}},"line":315},"20":{"name":"(anonymous_20)","decl":{"start":{"line":323,"column":41},"end":{"line":323,"column":42}},"loc":{"start":{"line":323,"column":51},"end":{"line":328,"column":9}},"line":323},"21":{"name":"(anonymous_21)","decl":{"start":{"line":337,"column":27},"end":{"line":337,"column":28}},"loc":{"start":{"line":337,"column":39},"end":{"line":422,"column":1}},"line":337},"22":{"name":"(anonymous_22)","decl":{"start":{"line":373,"column":44},"end":{"line":373,"column":45}},"loc":{"start":{"line":373,"column":52},"end":{"line":373,"column":63}},"line":373},"23":{"name":"(anonymous_23)","decl":{"start":{"line":373,"column":73},"end":{"line":373,"column":74}},"loc":{"start":{"line":373,"column":81},"end":{"line":385,"column":13}},"line":373},"24":{"name":"(anonymous_24)","decl":{"start":{"line":376,"column":79},"end":{"line":376,"column":80}},"loc":{"start":{"line":376,"column":84},"end":{"line":376,"column":92}},"line":376},"25":{"name":"(anonymous_25)","decl":{"start":{"line":390,"column":43},"end":{"line":390,"column":44}},"loc":{"start":{"line":390,"column":51},"end":{"line":390,"column":62}},"line":390},"26":{"name":"(anonymous_26)","decl":{"start":{"line":390,"column":72},"end":{"line":390,"column":73}},"loc":{"start":{"line":390,"column":80},"end":{"line":404,"column":13}},"line":390},"27":{"name":"(anonymous_27)","decl":{"start":{"line":393,"column":66},"end":{"line":393,"column":67}},"loc":{"start":{"line":393,"column":71},"end":{"line":393,"column":79}},"line":393},"28":{"name":"(anonymous_28)","decl":{"start":{"line":427,"column":21},"end":{"line":427,"column":22}},"loc":{"start":{"line":427,"column":27},"end":{"line":431,"column":5}},"line":427}},"branchMap":{"0":{"loc":{"start":{"line":27,"column":4},"end":{"line":29,"column":5}},"type":"if","locations":[{"start":{"line":27,"column":4},"end":{"line":29,"column":5}},{"start":{},"end":{}}],"line":27},"1":{"loc":{"start":{"line":33,"column":4},"end":{"line":35,"column":5}},"type":"if","locations":[{"start":{"line":33,"column":4},"end":{"line":35,"column":5}},{"start":{},"end":{}}],"line":33},"2":{"loc":{"start":{"line":49,"column":4},"end":{"line":51,"column":5}},"type":"if","locations":[{"start":{"line":49,"column":4},"end":{"line":51,"column":5}},{"start":{},"end":{}}],"line":49},"3":{"loc":{"start":{"line":61,"column":4},"end":{"line":63,"column":5}},"type":"if","locations":[{"start":{"line":61,"column":4},"end":{"line":63,"column":5}},{"start":{},"end":{}}],"line":61},"4":{"loc":{"start":{"line":61,"column":8},"end":{"line":61,"column":27}},"type":"binary-expr","locations":[{"start":{"line":61,"column":8},"end":{"line":61,"column":14}},{"start":{"line":61,"column":18},"end":{"line":61,"column":27}}],"line":61},"5":{"loc":{"start":{"line":70,"column":4},"end":{"line":72,"column":5}},"type":"if","locations":[{"start":{"line":70,"column":4},"end":{"line":72,"column":5}},{"start":{},"end":{}}],"line":70},"6":{"loc":{"start":{"line":84,"column":17},"end":{"line":84,"column":33}},"type":"binary-expr","locations":[{"start":{"line":84,"column":17},"end":{"line":84,"column":27}},{"start":{"line":84,"column":31},"end":{"line":84,"column":33}}],"line":84},"7":{"loc":{"start":{"line":86,"column":47},"end":{"line":86,"column":99}},"type":"cond-expr","locations":[{"start":{"line":86,"column":64},"end":{"line":86,"column":83}},{"start":{"line":86,"column":86},"end":{"line":86,"column":99}}],"line":86},"8":{"loc":{"start":{"line":96,"column":8},"end":{"line":98,"column":9}},"type":"if","locations":[{"start":{"line":96,"column":8},"end":{"line":98,"column":9}},{"start":{},"end":{}}],"line":96},"9":{"loc":{"start":{"line":96,"column":12},"end":{"line":96,"column":28}},"type":"binary-expr","locations":[{"start":{"line":96,"column":12},"end":{"line":96,"column":17}},{"start":{"line":96,"column":21},"end":{"line":96,"column":28}}],"line":96},"10":{"loc":{"start":{"line":110,"column":8},"end":{"line":112,"column":9}},"type":"if","locations":[{"start":{"line":110,"column":8},"end":{"line":112,"column":9}},{"start":{},"end":{}}],"line":110},"11":{"loc":{"start":{"line":110,"column":12},"end":{"line":110,"column":64}},"type":"binary-expr","locations":[{"start":{"line":110,"column":12},"end":{"line":110,"column":30}},{"start":{"line":110,"column":34},"end":{"line":110,"column":64}}],"line":110},"12":{"loc":{"start":{"line":115,"column":45},"end":{"line":115,"column":97}},"type":"cond-expr","locations":[{"start":{"line":115,"column":62},"end":{"line":115,"column":81}},{"start":{"line":115,"column":84},"end":{"line":115,"column":97}}],"line":115},"13":{"loc":{"start":{"line":128,"column":48},"end":{"line":128,"column":100}},"type":"cond-expr","locations":[{"start":{"line":128,"column":65},"end":{"line":128,"column":84}},{"start":{"line":128,"column":87},"end":{"line":128,"column":100}}],"line":128},"14":{"loc":{"start":{"line":138,"column":17},"end":{"line":138,"column":39}},"type":"binary-expr","locations":[{"start":{"line":138,"column":17},"end":{"line":138,"column":33}},{"start":{"line":138,"column":37},"end":{"line":138,"column":39}}],"line":138},"15":{"loc":{"start":{"line":140,"column":54},"end":{"line":140,"column":106}},"type":"cond-expr","locations":[{"start":{"line":140,"column":71},"end":{"line":140,"column":90}},{"start":{"line":140,"column":93},"end":{"line":140,"column":106}}],"line":140},"16":{"loc":{"start":{"line":152,"column":8},"end":{"line":154,"column":9}},"type":"if","locations":[{"start":{"line":152,"column":8},"end":{"line":154,"column":9}},{"start":{},"end":{}}],"line":152},"17":{"loc":{"start":{"line":152,"column":12},"end":{"line":152,"column":57}},"type":"binary-expr","locations":[{"start":{"line":152,"column":12},"end":{"line":152,"column":24}},{"start":{"line":152,"column":28},"end":{"line":152,"column":35}},{"start":{"line":152,"column":39},"end":{"line":152,"column":48}},{"start":{"line":152,"column":52},"end":{"line":152,"column":57}}],"line":152},"18":{"loc":{"start":{"line":171,"column":8},"end":{"line":173,"column":9}},"type":"if","locations":[{"start":{"line":171,"column":8},"end":{"line":173,"column":9}},{"start":{},"end":{}}],"line":171},"19":{"loc":{"start":{"line":171,"column":12},"end":{"line":171,"column":68}},"type":"binary-expr","locations":[{"start":{"line":171,"column":12},"end":{"line":171,"column":32}},{"start":{"line":171,"column":36},"end":{"line":171,"column":68}}],"line":171},"20":{"loc":{"start":{"line":176,"column":65},"end":{"line":176,"column":117}},"type":"cond-expr","locations":[{"start":{"line":176,"column":82},"end":{"line":176,"column":101}},{"start":{"line":176,"column":104},"end":{"line":176,"column":117}}],"line":176},"21":{"loc":{"start":{"line":184,"column":4},"end":{"line":184,"column":93}},"type":"if","locations":[{"start":{"line":184,"column":4},"end":{"line":184,"column":93}},{"start":{},"end":{}}],"line":184},"22":{"loc":{"start":{"line":184,"column":8},"end":{"line":184,"column":50}},"type":"binary-expr","locations":[{"start":{"line":184,"column":8},"end":{"line":184,"column":29}},{"start":{"line":184,"column":33},"end":{"line":184,"column":50}}],"line":184},"23":{"loc":{"start":{"line":196,"column":17},"end":{"line":196,"column":35}},"type":"binary-expr","locations":[{"start":{"line":196,"column":17},"end":{"line":196,"column":29}},{"start":{"line":196,"column":33},"end":{"line":196,"column":35}}],"line":196},"24":{"loc":{"start":{"line":198,"column":49},"end":{"line":198,"column":101}},"type":"cond-expr","locations":[{"start":{"line":198,"column":66},"end":{"line":198,"column":85}},{"start":{"line":198,"column":88},"end":{"line":198,"column":101}}],"line":198},"25":{"loc":{"start":{"line":211,"column":8},"end":{"line":213,"column":9}},"type":"if","locations":[{"start":{"line":211,"column":8},"end":{"line":213,"column":9}},{"start":{},"end":{}}],"line":211},"26":{"loc":{"start":{"line":211,"column":12},"end":{"line":211,"column":70}},"type":"binary-expr","locations":[{"start":{"line":211,"column":12},"end":{"line":211,"column":18}},{"start":{"line":211,"column":22},"end":{"line":211,"column":27}},{"start":{"line":211,"column":31},"end":{"line":211,"column":49}},{"start":{"line":211,"column":53},"end":{"line":211,"column":70}}],"line":211},"27":{"loc":{"start":{"line":220,"column":17},"end":{"line":220,"column":35}},"type":"binary-expr","locations":[{"start":{"line":220,"column":17},"end":{"line":220,"column":29}},{"start":{"line":220,"column":33},"end":{"line":220,"column":35}}],"line":220},"28":{"loc":{"start":{"line":222,"column":58},"end":{"line":222,"column":110}},"type":"cond-expr","locations":[{"start":{"line":222,"column":75},"end":{"line":222,"column":94}},{"start":{"line":222,"column":97},"end":{"line":222,"column":110}}],"line":222},"29":{"loc":{"start":{"line":234,"column":17},"end":{"line":234,"column":35}},"type":"binary-expr","locations":[{"start":{"line":234,"column":17},"end":{"line":234,"column":29}},{"start":{"line":234,"column":33},"end":{"line":234,"column":35}}],"line":234},"30":{"loc":{"start":{"line":236,"column":61},"end":{"line":236,"column":113}},"type":"cond-expr","locations":[{"start":{"line":236,"column":78},"end":{"line":236,"column":97}},{"start":{"line":236,"column":100},"end":{"line":236,"column":113}}],"line":236},"31":{"loc":{"start":{"line":251,"column":51},"end":{"line":251,"column":103}},"type":"cond-expr","locations":[{"start":{"line":251,"column":68},"end":{"line":251,"column":87}},{"start":{"line":251,"column":90},"end":{"line":251,"column":103}}],"line":251},"32":{"loc":{"start":{"line":252,"column":8},"end":{"line":254,"column":9}},"type":"if","locations":[{"start":{"line":252,"column":8},"end":{"line":254,"column":9}},{"start":{},"end":{}}],"line":252},"33":{"loc":{"start":{"line":252,"column":12},"end":{"line":252,"column":59}},"type":"binary-expr","locations":[{"start":{"line":252,"column":12},"end":{"line":252,"column":26}},{"start":{"line":252,"column":30},"end":{"line":252,"column":59}}],"line":252},"34":{"loc":{"start":{"line":267,"column":8},"end":{"line":269,"column":9}},"type":"if","locations":[{"start":{"line":267,"column":8},"end":{"line":269,"column":9}},{"start":{},"end":{}}],"line":267},"35":{"loc":{"start":{"line":267,"column":12},"end":{"line":267,"column":70}},"type":"binary-expr","locations":[{"start":{"line":267,"column":12},"end":{"line":267,"column":18}},{"start":{"line":267,"column":22},"end":{"line":267,"column":27}},{"start":{"line":267,"column":31},"end":{"line":267,"column":49}},{"start":{"line":267,"column":53},"end":{"line":267,"column":70}}],"line":267},"36":{"loc":{"start":{"line":277,"column":8},"end":{"line":279,"column":9}},"type":"if","locations":[{"start":{"line":277,"column":8},"end":{"line":279,"column":9}},{"start":{},"end":{}}],"line":277},"37":{"loc":{"start":{"line":287,"column":12},"end":{"line":292,"column":13}},"type":"if","locations":[{"start":{"line":287,"column":12},"end":{"line":292,"column":13}},{"start":{"line":288,"column":17},"end":{"line":292,"column":13}}],"line":287},"38":{"loc":{"start":{"line":288,"column":17},"end":{"line":292,"column":13}},"type":"if","locations":[{"start":{"line":288,"column":17},"end":{"line":292,"column":13}},{"start":{"line":289,"column":17},"end":{"line":292,"column":13}}],"line":288},"39":{"loc":{"start":{"line":289,"column":17},"end":{"line":292,"column":13}},"type":"if","locations":[{"start":{"line":289,"column":17},"end":{"line":292,"column":13}},{"start":{},"end":{}}],"line":289},"40":{"loc":{"start":{"line":290,"column":16},"end":{"line":291,"column":97}},"type":"if","locations":[{"start":{"line":290,"column":16},"end":{"line":291,"column":97}},{"start":{"line":291,"column":21},"end":{"line":291,"column":97}}],"line":290},"41":{"loc":{"start":{"line":291,"column":21},"end":{"line":291,"column":97}},"type":"if","locations":[{"start":{"line":291,"column":21},"end":{"line":291,"column":97}},{"start":{},"end":{}}],"line":291},"42":{"loc":{"start":{"line":298,"column":44},"end":{"line":298,"column":96}},"type":"cond-expr","locations":[{"start":{"line":298,"column":61},"end":{"line":298,"column":80}},{"start":{"line":298,"column":83},"end":{"line":298,"column":96}}],"line":298},"43":{"loc":{"start":{"line":310,"column":8},"end":{"line":312,"column":9}},"type":"if","locations":[{"start":{"line":310,"column":8},"end":{"line":312,"column":9}},{"start":{},"end":{}}],"line":310},"44":{"loc":{"start":{"line":317,"column":12},"end":{"line":320,"column":13}},"type":"if","locations":[{"start":{"line":317,"column":12},"end":{"line":320,"column":13}},{"start":{},"end":{}}],"line":317},"45":{"loc":{"start":{"line":326,"column":12},"end":{"line":326,"column":55}},"type":"if","locations":[{"start":{"line":326,"column":12},"end":{"line":326,"column":55}},{"start":{},"end":{}}],"line":326},"46":{"loc":{"start":{"line":330,"column":43},"end":{"line":330,"column":95}},"type":"cond-expr","locations":[{"start":{"line":330,"column":60},"end":{"line":330,"column":79}},{"start":{"line":330,"column":82},"end":{"line":330,"column":95}}],"line":330},"47":{"loc":{"start":{"line":348,"column":8},"end":{"line":356,"column":9}},"type":"if","locations":[{"start":{"line":348,"column":8},"end":{"line":356,"column":9}},{"start":{},"end":{}}],"line":348},"48":{"loc":{"start":{"line":350,"column":12},"end":{"line":355,"column":13}},"type":"if","locations":[{"start":{"line":350,"column":12},"end":{"line":355,"column":13}},{"start":{"line":352,"column":19},"end":{"line":355,"column":13}}],"line":350},"49":{"loc":{"start":{"line":350,"column":16},"end":{"line":350,"column":41}},"type":"binary-expr","locations":[{"start":{"line":350,"column":16},"end":{"line":350,"column":21}},{"start":{"line":350,"column":25},"end":{"line":350,"column":41}}],"line":350},"50":{"loc":{"start":{"line":360,"column":8},"end":{"line":363,"column":9}},"type":"if","locations":[{"start":{"line":360,"column":8},"end":{"line":363,"column":9}},{"start":{},"end":{}}],"line":360},"51":{"loc":{"start":{"line":360,"column":12},"end":{"line":360,"column":67}},"type":"binary-expr","locations":[{"start":{"line":360,"column":12},"end":{"line":360,"column":32}},{"start":{"line":360,"column":36},"end":{"line":360,"column":67}}],"line":360},"52":{"loc":{"start":{"line":368,"column":33},"end":{"line":368,"column":103}},"type":"binary-expr","locations":[{"start":{"line":368,"column":33},"end":{"line":368,"column":63}},{"start":{"line":368,"column":67},"end":{"line":368,"column":103}}],"line":368},"53":{"loc":{"start":{"line":369,"column":32},"end":{"line":369,"column":100}},"type":"binary-expr","locations":[{"start":{"line":369,"column":32},"end":{"line":369,"column":61}},{"start":{"line":369,"column":65},"end":{"line":369,"column":100}}],"line":369},"54":{"loc":{"start":{"line":371,"column":8},"end":{"line":386,"column":9}},"type":"if","locations":[{"start":{"line":371,"column":8},"end":{"line":386,"column":9}},{"start":{},"end":{}}],"line":371},"55":{"loc":{"start":{"line":375,"column":16},"end":{"line":384,"column":17}},"type":"if","locations":[{"start":{"line":375,"column":16},"end":{"line":384,"column":17}},{"start":{},"end":{}}],"line":375},"56":{"loc":{"start":{"line":388,"column":8},"end":{"line":405,"column":9}},"type":"if","locations":[{"start":{"line":388,"column":8},"end":{"line":405,"column":9}},{"start":{},"end":{}}],"line":388},"57":{"loc":{"start":{"line":392,"column":16},"end":{"line":403,"column":17}},"type":"if","locations":[{"start":{"line":392,"column":16},"end":{"line":403,"column":17}},{"start":{},"end":{}}],"line":392},"58":{"loc":{"start":{"line":397,"column":20},"end":{"line":397,"column":109}},"type":"if","locations":[{"start":{"line":397,"column":20},"end":{"line":397,"column":109}},{"start":{},"end":{}}],"line":397},"59":{"loc":{"start":{"line":397,"column":24},"end":{"line":397,"column":94}},"type":"binary-expr","locations":[{"start":{"line":397,"column":24},"end":{"line":397,"column":55}},{"start":{"line":397,"column":59},"end":{"line":397,"column":94}}],"line":397},"60":{"loc":{"start":{"line":407,"column":8},"end":{"line":417,"column":9}},"type":"if","locations":[{"start":{"line":407,"column":8},"end":{"line":417,"column":9}},{"start":{"line":415,"column":15},"end":{"line":417,"column":9}}],"line":407},"61":{"loc":{"start":{"line":410,"column":12},"end":{"line":414,"column":13}},"type":"if","locations":[{"start":{"line":410,"column":12},"end":{"line":414,"column":13}},{"start":{"line":412,"column":19},"end":{"line":414,"column":13}}],"line":410},"62":{"loc":{"start":{"line":411,"column":79},"end":{"line":411,"column":123}},"type":"cond-expr","locations":[{"start":{"line":411,"column":96},"end":{"line":411,"column":115}},{"start":{"line":411,"column":118},"end":{"line":411,"column":123}}],"line":411},"63":{"loc":{"start":{"line":413,"column":55},"end":{"line":413,"column":77}},"type":"cond-expr","locations":[{"start":{"line":413,"column":62},"end":{"line":413,"column":73}},{"start":{"line":413,"column":76},"end":{"line":413,"column":77}}],"line":413},"64":{"loc":{"start":{"line":420,"column":75},"end":{"line":420,"column":127}},"type":"cond-expr","locations":[{"start":{"line":420,"column":92},"end":{"line":420,"column":111}},{"start":{"line":420,"column":114},"end":{"line":420,"column":127}}],"line":420},"65":{"loc":{"start":{"line":424,"column":13},"end":{"line":424,"column":37}},"type":"binary-expr","locations":[{"start":{"line":424,"column":13},"end":{"line":424,"column":29}},{"start":{"line":424,"column":33},"end":{"line":424,"column":37}}],"line":424},"66":{"loc":{"start":{"line":426,"column":0},"end":{"line":432,"column":1}},"type":"if","locations":[{"start":{"line":426,"column":0},"end":{"line":432,"column":1}},{"start":{},"end":{}}],"line":426}},"s":{"0":1,"1":1,"2":1,"3":1,"4":1,"5":1,"6":1,"7":1,"8":1,"9":1,"10":1,"11":1,"12":1,"13":1,"14":1,"15":1,"16":1,"17":0,"18":0,"19":0,"20":0,"21":0,"22":0,"23":0,"24":0,"25":1,"26":2,"27":2,"28":0,"29":0,"30":0,"31":1,"32":1,"33":0,"34":0,"35":0,"36":0,"37":0,"38":0,"39":0,"40":1,"41":1,"42":0,"43":0,"44":0,"45":0,"46":0,"47":1,"48":1,"49":0,"50":0,"51":0,"52":0,"53":0,"54":0,"55":0,"56":0,"57":0,"58":0,"59":0,"60":0,"61":1,"62":1,"63":0,"64":0,"65":0,"66":0,"67":0,"68":1,"69":1,"70":0,"71":0,"72":0,"73":0,"74":0,"75":1,"76":1,"77":0,"78":0,"79":0,"80":0,"81":0,"82":0,"83":0,"84":0,"85":0,"86":0,"87":0,"88":0,"89":0,"90":0,"91":1,"92":0,"93":1,"94":1,"95":0,"96":0,"97":0,"98":1,"99":1,"100":0,"101":1,"102":1,"103":0,"104":0,"105":0,"106":0,"107":0,"108":0,"109":1,"110":1,"111":0,"112":0,"113":0,"114":0,"115":0,"116":0,"117":0,"118":0,"119":0,"120":0,"121":0,"122":0,"123":0,"124":1,"125":1,"126":0,"127":0,"128":0,"129":0,"130":0,"131":0,"132":0,"133":1,"134":1,"135":0,"136":0,"137":0,"138":0,"139":0,"140":0,"141":0,"142":0,"143":0,"144":1,"145":1,"146":0,"147":0,"148":0,"149":0,"150":0,"151":0,"152":0,"153":0,"154":0,"155":0,"156":0,"157":0,"158":0,"159":0,"160":0,"161":0,"162":0,"163":0,"164":0,"165":0,"166":0,"167":0,"168":0,"169":0,"170":0,"171":0,"172":0,"173":0,"174":0,"175":0,"176":1,"177":1,"178":0,"179":0,"180":0,"181":0,"182":0,"183":0,"184":0,"185":0,"186":0,"187":0,"188":0,"189":0,"190":0,"191":0,"192":0,"193":0,"194":0,"195":0,"196":0,"197":1,"198":1,"199":0,"200":0,"201":0,"202":0,"203":0,"204":0,"205":0,"206":0,"207":0,"208":0,"209":0,"210":0,"211":0,"212":0,"213":0,"214":0,"215":0,"216":0,"217":0,"218":0,"219":0,"220":0,"221":0,"222":0,"223":0,"224":0,"225":0,"226":0,"227":0,"228":0,"229":0,"230":0,"231":0,"232":0,"233":0,"234":0,"235":0,"236":0,"237":0,"238":0,"239":0,"240":0,"241":0,"242":0,"243":0,"244":0,"245":0,"246":0,"247":0,"248":1,"249":1,"250":0,"251":0,"252":0,"253":1},"f":{"0":1,"1":0,"2":2,"3":0,"4":0,"5":0,"6":0,"7":0,"8":0,"9":0,"10":0,"11":0,"12":0,"13":0,"14":0,"15":0,"16":0,"17":0,"18":0,"19":0,"20":0,"21":0,"22":0,"23":0,"24":0,"25":0,"26":0,"27":0,"28":0},"b":{"0":[0,0],"1":[0,0],"2":[0,0],"3":[0,0],"4":[0,0],"5":[0,0],"6":[0,0],"7":[0,0],"8":[0,0],"9":[0,0],"10":[0,0],"11":[0,0],"12":[0,0],"13":[0,0],"14":[0,0],"15":[0,0],"16":[0,0],"17":[0,0,0,0],"18":[0,0],"19":[0,0],"20":[0,0],"21":[0,0],"22":[0,0],"23":[0,0],"24":[0,0],"25":[0,0],"26":[0,0,0,0],"27":[0,0],"28":[0,0],"29":[0,0],"30":[0,0],"31":[0,0],"32":[0,0],"33":[0,0],"34":[0,0],"35":[0,0,0,0],"36":[0,0],"37":[0,0],"38":[0,0],"39":[0,0],"40":[0,0],"41":[0,0],"42":[0,0],"43":[0,0],"44":[0,0],"45":[0,0],"46":[0,0],"47":[0,0],"48":[0,0],"49":[0,0],"50":[0,0],"51":[0,0],"52":[0,0],"53":[0,0],"54":[0,0],"55":[0,0],"56":[0,0],"57":[0,0],"58":[0,0],"59":[0,0],"60":[0,0],"61":[0,0],"62":[0,0],"63":[0,0],"64":[0,0],"65":[1,0],"66":[0,1]},"_coverageSchema":"1a1c01bbd47fc00a2c39e90264f33305004495a9","hash":"b89371a6068635bb1917074e3caa7c2e78915989"}
}
