TN:
SF:api.js
FN:20,(anonymous_0)
FN:25,(anonymous_1)
FN:42,(anonymous_2)
FN:58,(anonymous_3)
FN:80,(anonymous_4)
FN:93,(anonymous_5)
FN:122,(anonymous_6)
FN:135,(anonymous_7)
FN:147,(anonymous_8)
FN:181,(anonymous_9)
FN:183,(anonymous_10)
FN:188,(anonymous_11)
FN:192,(anonymous_12)
FN:205,(anonymous_13)
FN:229,(anonymous_14)
FN:243,(anonymous_15)
FN:261,(anonymous_16)
FN:285,(anonymous_17)
FN:305,(anonymous_18)
FN:315,(anonymous_19)
FN:323,(anonymous_20)
FN:337,(anonymous_21)
FN:373,(anonymous_22)
FN:373,(anonymous_23)
FN:376,(anonymous_24)
FN:390,(anonymous_25)
FN:390,(anonymous_26)
FN:393,(anonymous_27)
FN:427,(anonymous_28)
FNF:29
FNH:2
FNDA:1,(anonymous_0)
FNDA:0,(anonymous_1)
FNDA:2,(anonymous_2)
FNDA:0,(anonymous_3)
FNDA:0,(anonymous_4)
FNDA:0,(anonymous_5)
FNDA:0,(anonymous_6)
FNDA:0,(anonymous_7)
FNDA:0,(anonymous_8)
FNDA:0,(anonymous_9)
FNDA:0,(anonymous_10)
FNDA:0,(anonymous_11)
FNDA:0,(anonymous_12)
FNDA:0,(anonymous_13)
FNDA:0,(anonymous_14)
FNDA:0,(anonymous_15)
FNDA:0,(anonymous_16)
FNDA:0,(anonymous_17)
FNDA:0,(anonymous_18)
FNDA:0,(anonymous_19)
FNDA:0,(anonymous_20)
FNDA:0,(anonymous_21)
FNDA:0,(anonymous_22)
FNDA:0,(anonymous_23)
FNDA:0,(anonymous_24)
FNDA:0,(anonymous_25)
FNDA:0,(anonymous_26)
FNDA:0,(anonymous_27)
FNDA:0,(anonymous_28)
DA:1,1
DA:2,1
DA:3,1
DA:4,1
DA:5,1
DA:6,1
DA:7,1
DA:10,1
DA:13,1
DA:14,1
DA:15,1
DA:17,1
DA:18,1
DA:20,1
DA:21,1
DA:23,1
DA:25,1
DA:26,0
DA:27,0
DA:28,0
DA:31,0
DA:33,0
DA:34,0
DA:37,0
DA:38,0
DA:42,1
DA:43,2
DA:44,2
DA:49,0
DA:50,0
DA:53,0
DA:55,1
DA:58,1
DA:59,0
DA:61,0
DA:62,0
DA:65,0
DA:70,0
DA:71,0
DA:74,0
DA:76,1
DA:80,1
DA:81,0
DA:83,0
DA:84,0
DA:86,0
DA:87,0
DA:90,1
DA:93,1
DA:94,0
DA:95,0
DA:96,0
DA:97,0
DA:100,0
DA:102,0
DA:109,0
DA:110,0
DA:111,0
DA:113,0
DA:115,0
DA:116,0
DA:119,1
DA:122,1
DA:123,0
DA:125,0
DA:126,0
DA:128,0
DA:129,0
DA:132,1
DA:135,1
DA:136,0
DA:137,0
DA:138,0
DA:140,0
DA:141,0
DA:144,1
DA:147,1
DA:148,0
DA:149,0
DA:150,0
DA:152,0
DA:153,0
DA:156,0
DA:157,0
DA:159,0
DA:170,0
DA:171,0
DA:172,0
DA:174,0
DA:176,0
DA:177,0
DA:181,1
DA:182,1
DA:183,1
DA:184,0
DA:185,0
DA:187,1
DA:188,1
DA:189,1
DA:192,1
DA:193,0
DA:194,0
DA:195,0
DA:196,0
DA:198,0
DA:199,0
DA:202,1
DA:205,1
DA:206,0
DA:207,0
DA:208,0
DA:209,0
DA:211,0
DA:212,0
DA:215,0
DA:216,0
DA:217,0
DA:219,0
DA:220,0
DA:222,0
DA:223,0
DA:226,1
DA:229,1
DA:230,0
DA:231,0
DA:232,0
DA:233,0
DA:234,0
DA:236,0
DA:237,0
DA:240,1
DA:243,1
DA:244,0
DA:245,0
DA:246,0
DA:248,0
DA:249,0
DA:251,0
DA:252,0
DA:253,0
DA:255,0
DA:258,1
DA:261,1
DA:262,0
DA:263,0
DA:264,0
DA:265,0
DA:267,0
DA:268,0
DA:271,0
DA:272,0
DA:273,0
DA:275,0
DA:277,0
DA:278,0
DA:281,0
DA:282,0
DA:283,0
DA:285,0
DA:286,0
DA:287,0
DA:288,0
DA:289,0
DA:290,0
DA:291,0
DA:295,0
DA:296,0
DA:298,0
DA:299,0
DA:302,1
DA:305,1
DA:306,0
DA:307,0
DA:308,0
DA:310,0
DA:311,0
DA:314,0
DA:315,0
DA:316,0
DA:317,0
DA:318,0
DA:319,0
DA:323,0
DA:324,0
DA:325,0
DA:326,0
DA:327,0
DA:330,0
DA:331,0
DA:334,1
DA:337,1
DA:338,0
DA:339,0
DA:347,0
DA:348,0
DA:349,0
DA:350,0
DA:351,0
DA:353,0
DA:354,0
DA:358,0
DA:360,0
DA:361,0
DA:362,0
DA:365,0
DA:366,0
DA:368,0
DA:369,0
DA:371,0
DA:372,0
DA:373,0
DA:374,0
DA:375,0
DA:376,0
DA:377,0
DA:378,0
DA:379,0
DA:388,0
DA:389,0
DA:390,0
DA:391,0
DA:392,0
DA:393,0
DA:394,0
DA:395,0
DA:396,0
DA:397,0
DA:398,0
DA:407,0
DA:409,0
DA:410,0
DA:411,0
DA:413,0
DA:416,0
DA:420,0
DA:424,1
DA:426,1
DA:427,0
DA:428,0
DA:429,0
DA:434,1
LF:241
LH:54
BRDA:27,0,0,0
BRDA:27,0,1,0
BRDA:33,1,0,0
BRDA:33,1,1,0
BRDA:49,2,0,0
BRDA:49,2,1,0
BRDA:61,3,0,0
BRDA:61,3,1,0
BRDA:61,4,0,0
BRDA:61,4,1,0
BRDA:70,5,0,0
BRDA:70,5,1,0
BRDA:84,6,0,0
BRDA:84,6,1,0
BRDA:86,7,0,0
BRDA:86,7,1,0
BRDA:96,8,0,0
BRDA:96,8,1,0
BRDA:96,9,0,0
BRDA:96,9,1,0
BRDA:110,10,0,0
BRDA:110,10,1,0
BRDA:110,11,0,0
BRDA:110,11,1,0
BRDA:115,12,0,0
BRDA:115,12,1,0
BRDA:128,13,0,0
BRDA:128,13,1,0
BRDA:138,14,0,0
BRDA:138,14,1,0
BRDA:140,15,0,0
BRDA:140,15,1,0
BRDA:152,16,0,0
BRDA:152,16,1,0
BRDA:152,17,0,0
BRDA:152,17,1,0
BRDA:152,17,2,0
BRDA:152,17,3,0
BRDA:171,18,0,0
BRDA:171,18,1,0
BRDA:171,19,0,0
BRDA:171,19,1,0
BRDA:176,20,0,0
BRDA:176,20,1,0
BRDA:184,21,0,0
BRDA:184,21,1,0
BRDA:184,22,0,0
BRDA:184,22,1,0
BRDA:196,23,0,0
BRDA:196,23,1,0
BRDA:198,24,0,0
BRDA:198,24,1,0
BRDA:211,25,0,0
BRDA:211,25,1,0
BRDA:211,26,0,0
BRDA:211,26,1,0
BRDA:211,26,2,0
BRDA:211,26,3,0
BRDA:220,27,0,0
BRDA:220,27,1,0
BRDA:222,28,0,0
BRDA:222,28,1,0
BRDA:234,29,0,0
BRDA:234,29,1,0
BRDA:236,30,0,0
BRDA:236,30,1,0
BRDA:251,31,0,0
BRDA:251,31,1,0
BRDA:252,32,0,0
BRDA:252,32,1,0
BRDA:252,33,0,0
BRDA:252,33,1,0
BRDA:267,34,0,0
BRDA:267,34,1,0
BRDA:267,35,0,0
BRDA:267,35,1,0
BRDA:267,35,2,0
BRDA:267,35,3,0
BRDA:277,36,0,0
BRDA:277,36,1,0
BRDA:287,37,0,0
BRDA:287,37,1,0
BRDA:288,38,0,0
BRDA:288,38,1,0
BRDA:289,39,0,0
BRDA:289,39,1,0
BRDA:290,40,0,0
BRDA:290,40,1,0
BRDA:291,41,0,0
BRDA:291,41,1,0
BRDA:298,42,0,0
BRDA:298,42,1,0
BRDA:310,43,0,0
BRDA:310,43,1,0
BRDA:317,44,0,0
BRDA:317,44,1,0
BRDA:326,45,0,0
BRDA:326,45,1,0
BRDA:330,46,0,0
BRDA:330,46,1,0
BRDA:348,47,0,0
BRDA:348,47,1,0
BRDA:350,48,0,0
BRDA:350,48,1,0
BRDA:350,49,0,0
BRDA:350,49,1,0
BRDA:360,50,0,0
BRDA:360,50,1,0
BRDA:360,51,0,0
BRDA:360,51,1,0
BRDA:368,52,0,0
BRDA:368,52,1,0
BRDA:369,53,0,0
BRDA:369,53,1,0
BRDA:371,54,0,0
BRDA:371,54,1,0
BRDA:375,55,0,0
BRDA:375,55,1,0
BRDA:388,56,0,0
BRDA:388,56,1,0
BRDA:392,57,0,0
BRDA:392,57,1,0
BRDA:397,58,0,0
BRDA:397,58,1,0
BRDA:397,59,0,0
BRDA:397,59,1,0
BRDA:407,60,0,0
BRDA:407,60,1,0
BRDA:410,61,0,0
BRDA:410,61,1,0
BRDA:411,62,0,0
BRDA:411,62,1,0
BRDA:413,63,0,0
BRDA:413,63,1,0
BRDA:420,64,0,0
BRDA:420,64,1,0
BRDA:424,65,0,1
BRDA:424,65,1,0
BRDA:426,66,0,0
BRDA:426,66,1,1
BRF:140
BRH:2
end_of_record
